app/build/intermediates/manifest_merge_blame_file/debug/manifest-merger-blame-debug-report.txt
1<?xml version="1.0" encoding="utf-8"?>
2<manifest xmlns:android="http://schemas.android.com/apk/res/android"
3    package="com.example.safedrive"
4    android:versionCode="1"
5    android:versionName="1.0" >
6
7    <uses-sdk
8        android:minSdkVersion="21"
8-->src\main\AndroidManifest.xml
9        android:targetSdkVersion="32" />
9-->src\main\AndroidManifest.xml
10
11    <application
11-->src\main\AndroidManifest.xml:5:5-59:19
12        android:allowBackup="true"
12-->src\main\AndroidManifest.xml:6:9-35
13        android:appComponentFactory="androidx.core.app.CoreComponentFactory"
13-->[androidx.core:core:1.8.0] AndroidManifest.xml:24:18-86
14        android:dataExtractionRules="@xml/data_extraction_rules"
14-->src\main\AndroidManifest.xml:7:9-65
15        android:debuggable="true"
16        android:fullBackupContent="@xml/backup_rules"
16-->src\main\AndroidManifest.xml:8:9-54
17        android:icon="@mipmap/ic_launcher"
17-->src\main\AndroidManifest.xml:9:9-43
18        android:label="@string/app_name"
18-->src\main\AndroidManifest.xml:10:9-41
19        android:roundIcon="@mipmap/ic_launcher_round"
19-->src\main\AndroidManifest.xml:11:9-54
20        android:supportsRtl="true"
20-->src\main\AndroidManifest.xml:12:9-35
21        android:testOnly="true"
22        android:theme="@style/Theme.Material3.DayNight.NoActionBar" >
22-->src\main\AndroidManifest.xml:13:9-68
23        <activity
23-->src\main\AndroidManifest.xml:15:9-21:20
24            android:name="com.example.safedrive.drive"
24-->src\main\AndroidManifest.xml:16:13-34
25            android:exported="false" >
25-->src\main\AndroidManifest.xml:17:13-37
26            <meta-data
26-->src\main\AndroidManifest.xml:18:13-20:36
27                android:name="android.app.lib_name"
27-->src\main\AndroidManifest.xml:19:17-52
28                android:value="" />
28-->src\main\AndroidManifest.xml:20:17-33
29        </activity>
30        <activity
30-->src\main\AndroidManifest.xml:22:9-28:20
31            android:name="com.example.safedrive.upload"
31-->src\main\AndroidManifest.xml:23:13-35
32            android:exported="false" >
32-->src\main\AndroidManifest.xml:24:13-37
33            <meta-data
33-->src\main\AndroidManifest.xml:18:13-20:36
34                android:name="android.app.lib_name"
34-->src\main\AndroidManifest.xml:19:17-52
35                android:value="" />
35-->src\main\AndroidManifest.xml:20:17-33
36        </activity>
37        <activity
37-->src\main\AndroidManifest.xml:29:9-35:20
38            android:name="com.example.safedrive.select"
38-->src\main\AndroidManifest.xml:30:13-35
39            android:exported="false" >
39-->src\main\AndroidManifest.xml:31:13-37
40            <meta-data
40-->src\main\AndroidManifest.xml:18:13-20:36
41                android:name="android.app.lib_name"
41-->src\main\AndroidManifest.xml:19:17-52
42                android:value="" />
42-->src\main\AndroidManifest.xml:20:17-33
43        </activity>
44        <activity
44-->src\main\AndroidManifest.xml:36:9-45:20
45            android:name="com.example.safedrive.ItemDetailHostActivity"
45-->src\main\AndroidManifest.xml:37:13-51
46            android:exported="false"
46-->src\main\AndroidManifest.xml:38:13-37
47            android:label="@string/title_activity_item_detail_host"
47-->src\main\AndroidManifest.xml:39:13-68
48            android:resizeableActivity="true" >
48-->src\main\AndroidManifest.xml:40:13-46
49            <meta-data
49-->src\main\AndroidManifest.xml:18:13-20:36
50                android:name="android.app.lib_name"
50-->src\main\AndroidManifest.xml:19:17-52
51                android:value="" />
51-->src\main\AndroidManifest.xml:20:17-33
52        </activity>
53        <activity
53-->src\main\AndroidManifest.xml:46:9-58:20
54            android:name="com.example.safedrive.MainActivity"
54-->src\main\AndroidManifest.xml:47:13-41
55            android:exported="true" >
55-->src\main\AndroidManifest.xml:48:13-36
56            <intent-filter>
56-->src\main\AndroidManifest.xml:49:13-53:29
57                <action android:name="android.intent.action.MAIN" />
57-->src\main\AndroidManifest.xml:50:17-69
57-->src\main\AndroidManifest.xml:50:25-66
58
59                <category android:name="android.intent.category.LAUNCHER" />
59-->src\main\AndroidManifest.xml:52:17-77
59-->src\main\AndroidManifest.xml:52:27-74
60            </intent-filter>
61
62            <meta-data
62-->src\main\AndroidManifest.xml:18:13-20:36
63                android:name="android.app.lib_name"
63-->src\main\AndroidManifest.xml:19:17-52
64                android:value="" />
64-->src\main\AndroidManifest.xml:20:17-33
65        </activity>
66
67        <uses-library
67-->[androidx.window:window:1.0.0] AndroidManifest.xml:25:9-27:40
68            android:name="androidx.window.extensions"
68-->[androidx.window:window:1.0.0] AndroidManifest.xml:26:13-54
69            android:required="false" />
69-->[androidx.window:window:1.0.0] AndroidManifest.xml:27:13-37
70        <uses-library
70-->[androidx.window:window:1.0.0] AndroidManifest.xml:28:9-30:40
71            android:name="androidx.window.sidecar"
71-->[androidx.window:window:1.0.0] AndroidManifest.xml:29:13-51
72            android:required="false" />
72-->[androidx.window:window:1.0.0] AndroidManifest.xml:30:13-37
73
74        <provider
74-->[androidx.emoji2:emoji2:1.2.0] AndroidManifest.xml:24:9-32:20
75            android:name="androidx.startup.InitializationProvider"
75-->[androidx.emoji2:emoji2:1.2.0] AndroidManifest.xml:25:13-67
76            android:authorities="com.example.safedrive.androidx-startup"
76-->[androidx.emoji2:emoji2:1.2.0] AndroidManifest.xml:26:13-68
77            android:exported="false" >
77-->[androidx.emoji2:emoji2:1.2.0] AndroidManifest.xml:27:13-37
78            <meta-data
78-->[androidx.emoji2:emoji2:1.2.0] AndroidManifest.xml:29:13-31:52
79                android:name="androidx.emoji2.text.EmojiCompatInitializer"
79-->[androidx.emoji2:emoji2:1.2.0] AndroidManifest.xml:30:17-75
80                android:value="androidx.startup" />
80-->[androidx.emoji2:emoji2:1.2.0] AndroidManifest.xml:31:17-49
81            <meta-data
81-->[androidx.lifecycle:lifecycle-process:2.4.1] AndroidManifest.xml:31:13-33:52
82                android:name="androidx.lifecycle.ProcessLifecycleInitializer"
82-->[androidx.lifecycle:lifecycle-process:2.4.1] AndroidManifest.xml:32:17-78
83                android:value="androidx.startup" />
83-->[androidx.lifecycle:lifecycle-process:2.4.1] AndroidManifest.xml:33:17-49
84        </provider>
85    </application>
86
87</manifest>